<?xml version="1.0" encoding="UTF-8"?>
<testsuite xmlns:xsi="http://www.w3.org/2001/XMLSchema-instance" xsi:noNamespaceSchemaLocation="https://maven.apache.org/surefire/maven-surefire-plugin/xsd/surefire-test-report.xsd" name="com.hafsaaek.api.APIServiceTest" time="1.96" tests="1" errors="1" skipped="0" failures="0">
  <properties>
    <property name="java.specification.version" value="22"/>
    <property name="sun.jnu.encoding" value="UTF-8"/>
    <property name="java.class.path" value="/Users/hafsaelmi/Desktop/Currency Converter Project/currency-converter/target/test-classes:/Users/hafsaelmi/Desktop/Currency Converter Project/currency-converter/target/classes:/Users/hafsaelmi/.m2/repository/junit/junit/4.11/junit-4.11.jar:/Users/hafsaelmi/.m2/repository/org/hamcrest/hamcrest-core/1.3/hamcrest-core-1.3.jar:/Users/hafsaelmi/.m2/repository/org/mockito/mockito-core/5.5.0/mockito-core-5.5.0.jar:/Users/hafsaelmi/.m2/repository/net/bytebuddy/byte-buddy/1.14.6/byte-buddy-1.14.6.jar:/Users/hafsaelmi/.m2/repository/net/bytebuddy/byte-buddy-agent/1.14.6/byte-buddy-agent-1.14.6.jar:/Users/hafsaelmi/.m2/repository/org/objenesis/objenesis/3.3/objenesis-3.3.jar:/Users/hafsaelmi/.m2/repository/org/json/json/20240303/json-20240303.jar:/Users/hafsaelmi/.m2/repository/com/github/stefanbirkner/system-rules/1.19.0/system-rules-1.19.0.jar:/Users/hafsaelmi/.m2/repository/com/github/stefanbirkner/system-lambda/1.2.1/system-lambda-1.2.1.jar:"/>
    <property name="java.vm.vendor" value="Homebrew"/>
    <property name="sun.arch.data.model" value="64"/>
    <property name="java.vendor.url" value="https://github.com/Homebrew/homebrew-core/issues"/>
    <property name="os.name" value="Mac OS X"/>
    <property name="java.vm.specification.version" value="22"/>
    <property name="sun.java.launcher" value="SUN_STANDARD"/>
    <property name="user.country" value="GB"/>
    <property name="sun.boot.library.path" value="/usr/local/Cellar/openjdk/22.0.2/libexec/openjdk.jdk/Contents/Home/lib"/>
    <property name="sun.java.command" value="/Users/hafsaelmi/Desktop/Currency Converter Project/currency-converter/target/surefire/surefirebooter16415778860224838536.jar /Users/hafsaelmi/Desktop/Currency Converter Project/currency-converter/target/surefire 2024-09-03T16-34-46_314-jvmRun1 surefire6186972245509175502tmp surefire_010728436776690038426tmp"/>
    <property name="http.nonProxyHosts" value="local|*.local|169.254/16|*.169.254/16"/>
    <property name="jdk.debug" value="release"/>
    <property name="surefire.test.class.path" value="/Users/hafsaelmi/Desktop/Currency Converter Project/currency-converter/target/test-classes:/Users/hafsaelmi/Desktop/Currency Converter Project/currency-converter/target/classes:/Users/hafsaelmi/.m2/repository/junit/junit/4.11/junit-4.11.jar:/Users/hafsaelmi/.m2/repository/org/hamcrest/hamcrest-core/1.3/hamcrest-core-1.3.jar:/Users/hafsaelmi/.m2/repository/org/mockito/mockito-core/5.5.0/mockito-core-5.5.0.jar:/Users/hafsaelmi/.m2/repository/net/bytebuddy/byte-buddy/1.14.6/byte-buddy-1.14.6.jar:/Users/hafsaelmi/.m2/repository/net/bytebuddy/byte-buddy-agent/1.14.6/byte-buddy-agent-1.14.6.jar:/Users/hafsaelmi/.m2/repository/org/objenesis/objenesis/3.3/objenesis-3.3.jar:/Users/hafsaelmi/.m2/repository/org/json/json/20240303/json-20240303.jar:/Users/hafsaelmi/.m2/repository/com/github/stefanbirkner/system-rules/1.19.0/system-rules-1.19.0.jar:/Users/hafsaelmi/.m2/repository/com/github/stefanbirkner/system-lambda/1.2.1/system-lambda-1.2.1.jar:"/>
    <property name="sun.cpu.endian" value="little"/>
    <property name="user.home" value="/Users/hafsaelmi"/>
    <property name="user.language" value="en"/>
    <property name="java.specification.vendor" value="Oracle Corporation"/>
    <property name="java.version.date" value="2024-07-16"/>
    <property name="java.home" value="/usr/local/Cellar/openjdk/22.0.2/libexec/openjdk.jdk/Contents/Home"/>
    <property name="file.separator" value="/"/>
    <property name="basedir" value="/Users/hafsaelmi/Desktop/Currency Converter Project/currency-converter"/>
    <property name="java.vm.compressedOopsMode" value="Zero based"/>
    <property name="line.separator" value="&#10;"/>
    <property name="java.vm.specification.vendor" value="Oracle Corporation"/>
    <property name="java.specification.name" value="Java Platform API Specification"/>
    <property name="apple.awt.application.name" value="ForkedBooter"/>
    <property name="surefire.real.class.path" value="/Users/hafsaelmi/Desktop/Currency Converter Project/currency-converter/target/surefire/surefirebooter16415778860224838536.jar"/>
    <property name="sun.management.compiler" value="HotSpot 64-Bit Tiered Compilers"/>
    <property name="ftp.nonProxyHosts" value="local|*.local|169.254/16|*.169.254/16"/>
    <property name="java.runtime.version" value="22.0.2"/>
    <property name="user.name" value="hafsaelmi"/>
    <property name="stdout.encoding" value="UTF-8"/>
    <property name="path.separator" value=":"/>
    <property name="os.version" value="12.7.1"/>
    <property name="java.runtime.name" value="OpenJDK Runtime Environment"/>
    <property name="file.encoding" value="UTF-8"/>
    <property name="java.vm.name" value="OpenJDK 64-Bit Server VM"/>
    <property name="java.vendor.version" value="Homebrew"/>
    <property name="localRepository" value="/Users/hafsaelmi/.m2/repository"/>
    <property name="java.vendor.url.bug" value="https://github.com/Homebrew/homebrew-core/issues"/>
    <property name="java.io.tmpdir" value="/var/folders/q5/hybg421s1zd863k38_lqj8qh0000gn/T/"/>
    <property name="java.version" value="22.0.2"/>
    <property name="user.dir" value="/Users/hafsaelmi/Desktop/Currency Converter Project/currency-converter"/>
    <property name="os.arch" value="x86_64"/>
    <property name="java.vm.specification.name" value="Java Virtual Machine Specification"/>
    <property name="native.encoding" value="UTF-8"/>
    <property name="java.library.path" value="/Users/hafsaelmi/Library/Java/Extensions:/Library/Java/Extensions:/Network/Library/Java/Extensions:/System/Library/Java/Extensions:/usr/lib/java:."/>
    <property name="java.vm.info" value="mixed mode, sharing"/>
    <property name="stderr.encoding" value="UTF-8"/>
    <property name="java.vendor" value="Homebrew"/>
    <property name="java.vm.version" value="22.0.2"/>
    <property name="sun.io.unicode.encoding" value="UnicodeBig"/>
    <property name="socksNonProxyHosts" value="local|*.local|169.254/16|*.169.254/16"/>
    <property name="java.class.version" value="66.0"/>
  </properties>
  <testcase name="getInvalidResponse" classname="com.hafsaaek.api.APIServiceTest" time="1.955">
    <error message="&#10;Mockito cannot mock this class: class com.hafsaaek.api.ApiTokenManager.&#10;&#10;If you&apos;re not sure why you&apos;re getting this error, please open an issue on GitHub.&#10;&#10;&#10;Java               : 22&#10;JVM vendor name    : Homebrew&#10;JVM vendor version : 22.0.2&#10;JVM name           : OpenJDK 64-Bit Server VM&#10;JVM version        : 22.0.2&#10;JVM info           : mixed mode, sharing&#10;OS name            : Mac OS X&#10;OS version         : 12.7.1&#10;&#10;&#10;You are seeing this disclaimer because Mockito is configured to create inlined mocks.&#10;You can learn about inline mocks and their limitations under item #39 of the Mockito class javadoc.&#10;&#10;Underlying exception : org.mockito.exceptions.base.MockitoException: Could not modify all classes [class com.hafsaaek.api.ApiTokenManager, class java.lang.Object]" type="org.mockito.exceptions.base.MockitoException">org.mockito.exceptions.base.MockitoException: 

Mockito cannot mock this class: class com.hafsaaek.api.ApiTokenManager.

If you're not sure why you're getting this error, please open an issue on GitHub.


Java               : 22
JVM vendor name    : Homebrew
JVM vendor version : 22.0.2
JVM name           : OpenJDK 64-Bit Server VM
JVM version        : 22.0.2
JVM info           : mixed mode, sharing
OS name            : Mac OS X
OS version         : 12.7.1


You are seeing this disclaimer because Mockito is configured to create inlined mocks.
You can learn about inline mocks and their limitations under item #39 of the Mockito class javadoc.

Underlying exception : org.mockito.exceptions.base.MockitoException: Could not modify all classes [class com.hafsaaek.api.ApiTokenManager, class java.lang.Object]
	at com.hafsaaek.api.APIServiceTest.setUpMock(APIServiceTest.java:25)
Caused by: org.mockito.exceptions.base.MockitoException: Could not modify all classes [class com.hafsaaek.api.ApiTokenManager, class java.lang.Object]
	at com.hafsaaek.api.APIServiceTest.setUpMock(APIServiceTest.java:25)
Caused by: java.lang.IllegalStateException: 

Byte Buddy could not instrument all classes within the mock's type hierarchy

This problem should never occur for javac-compiled classes. This problem has been observed for classes that are:
 - Compiled by older versions of scalac
 - Classes that are part of the Android distribution
	at com.hafsaaek.api.APIServiceTest.setUpMock(APIServiceTest.java:25)
Caused by: java.lang.IllegalArgumentException: Java 22 (66) is not supported by the current version of Byte Buddy which officially supports Java 21 (65) - update Byte Buddy or set net.bytebuddy.experimental as a VM property
	at com.hafsaaek.api.APIServiceTest.setUpMock(APIServiceTest.java:25)
</error>
    <system-err><![CDATA[WARNING: A Java agent has been loaded dynamically (/Users/hafsaelmi/.m2/repository/net/bytebuddy/byte-buddy-agent/1.14.6/byte-buddy-agent-1.14.6.jar)
WARNING: If a serviceability tool is in use, please run with -XX:+EnableDynamicAgentLoading to hide this warning
WARNING: If a serviceability tool is not in use, please run with -Djdk.instrument.traceUsage for more information
WARNING: Dynamic loading of agents will be disallowed by default in a future release
]]></system-err>
  </testcase>
</testsuite>